# JRE version: Java(TM) SE Runtime Environment (14.0+36) (build 14+36-1461)
# Java VM: Java HotSpot(TM) 64-Bit Server VM (14+36-1461, mixed mode, sharing, tiered, compressed oops, g1 gc, windows-amd64)
Heap:
 garbage-first heap   total 68608K, used 40340K [0x0000000703200000, 0x0000000800000000)
  region size 1024K, 16 young (16384K), 4 survivors (4096K)
 Metaspace       used 53276K, capacity 54660K, committed 54736K, reserved 1097728K
  class space    used 7036K, capacity 7548K, committed 7552K, reserved 1048576K
GC Heap History (20 events):
Event: 1.936 GC heap before
{Heap before GC invocations=4 (full 0):
 garbage-first heap   total 48128K, used 33880K [0x0000000703200000, 0x0000000800000000)
  region size 1024K, 28 young (28672K), 5 survivors (5120K)
 Metaspace       used 22661K, capacity 23310K, committed 23600K, reserved 1069056K
  class space    used 2915K, capacity 3162K, committed 3200K, reserved 1048576K
}
Event: 1.940 GC heap after
{Heap after GC invocations=5 (full 0):
 garbage-first heap   total 48128K, used 12402K [0x0000000703200000, 0x0000000800000000)
  region size 1024K, 2 young (2048K), 2 survivors (2048K)
 Metaspace       used 22661K, capacity 23310K, committed 23600K, reserved 1069056K
  class space    used 2915K, capacity 3162K, committed 3200K, reserved 1048576K
}
Event: 2.126 GC heap before
{Heap before GC invocations=5 (full 0):
 garbage-first heap   total 48128K, used 32882K [0x0000000703200000, 0x0000000800000000)
  region size 1024K, 22 young (22528K), 2 survivors (2048K)
 Metaspace       used 23490K, capacity 24157K, committed 24240K, reserved 1071104K
  class space    used 3001K, capacity 3246K, committed 3328K, reserved 1048576K
}
Event: 2.129 GC heap after
{Heap after GC invocations=6 (full 0):
 garbage-first heap   total 154624K, used 13432K [0x0000000703200000, 0x0000000800000000)
  region size 1024K, 3 young (3072K), 3 survivors (3072K)
 Metaspace       used 23490K, capacity 24157K, committed 24240K, reserved 1071104K
  class space    used 3001K, capacity 3246K, committed 3328K, reserved 1048576K
}
Event: 2.946 GC heap before
{Heap before GC invocations=6 (full 0):
 garbage-first heap   total 154624K, used 99448K [0x0000000703200000, 0x0000000800000000)
  region size 1024K, 87 young (89088K), 3 survivors (3072K)
 Metaspace       used 28863K, capacity 29604K, committed 29872K, reserved 1075200K
  class space    used 3741K, capacity 4011K, committed 4096K, reserved 1048576K
}
Event: 2.951 GC heap after
{Heap after GC invocations=7 (full 0):
 garbage-first heap   total 154624K, used 16156K [0x0000000703200000, 0x0000000800000000)
  region size 1024K, 5 young (5120K), 5 survivors (5120K)
 Metaspace       used 28863K, capacity 29604K, committed 29872K, reserved 1075200K
  class space    used 3741K, capacity 4011K, committed 4096K, reserved 1048576K
}
Event: 3.464 GC heap before
{Heap before GC invocations=7 (full 0):
 garbage-first heap   total 154624K, used 68380K [0x0000000703200000, 0x0000000800000000)
  region size 1024K, 57 young (58368K), 5 survivors (5120K)
 Metaspace       used 34854K, capacity 35757K, committed 35920K, reserved 1081344K
  class space    used 4439K, capacity 4794K, committed 4864K, reserved 1048576K
}
Event: 3.470 GC heap after
{Heap after GC invocations=8 (full 0):
 garbage-first heap   total 154624K, used 18772K [0x0000000703200000, 0x0000000800000000)
  region size 1024K, 8 young (8192K), 8 survivors (8192K)
 Metaspace       used 34854K, capacity 35757K, committed 35920K, reserved 1081344K
  class space    used 4439K, capacity 4794K, committed 4864K, reserved 1048576K
}
Event: 3.883 GC heap before
{Heap before GC invocations=9 (full 0):
 garbage-first heap   total 68608K, used 50516K [0x0000000703200000, 0x0000000800000000)
  region size 1024K, 40 young (40960K), 8 survivors (8192K)
 Metaspace       used 37312K, capacity 38319K, committed 38608K, reserved 1083392K
  class space    used 4779K, capacity 5184K, committed 5248K, reserved 1048576K
}
Event: 3.894 GC heap after
{Heap after GC invocations=10 (full 0):
 garbage-first heap   total 68608K, used 20035K [0x0000000703200000, 0x0000000800000000)
  region size 1024K, 4 young (4096K), 4 survivors (4096K)
 Metaspace       used 37312K, capacity 38319K, committed 38608K, reserved 1083392K
  class space    used 4779K, capacity 5184K, committed 5248K, reserved 1048576K
}
Event: 4.228 GC heap before
{Heap before GC invocations=10 (full 0):
 garbage-first heap   total 68608K, used 52803K [0x0000000703200000, 0x0000000800000000)
  region size 1024K, 36 young (36864K), 4 survivors (4096K)
 Metaspace       used 39742K, capacity 40846K, committed 41168K, reserved 1085440K
  class space    used 5199K, capacity 5642K, committed 5760K, reserved 1048576K
}
Event: 4.231 GC heap after
{Heap after GC invocations=11 (full 0):
 garbage-first heap   total 68608K, used 21630K [0x0000000703200000, 0x0000000800000000)
  region size 1024K, 3 young (3072K), 3 survivors (3072K)
 Metaspace       used 39742K, capacity 40846K, committed 41168K, reserved 1085440K
  class space    used 5199K, capacity 5642K, committed 5760K, reserved 1048576K
}
Event: 4.674 GC heap before
{Heap before GC invocations=11 (full 0):
 garbage-first heap   total 68608K, used 52350K [0x0000000703200000, 0x0000000800000000)
  region size 1024K, 33 young (33792K), 3 survivors (3072K)
 Metaspace       used 42208K, capacity 43407K, committed 43600K, reserved 1087488K
  class space    used 5562K, capacity 6047K, committed 6144K, reserved 1048576K
}
Event: 4.677 GC heap after
{Heap after GC invocations=12 (full 0):
 garbage-first heap   total 68608K, used 23715K [0x0000000703200000, 0x0000000800000000)
  region size 1024K, 4 young (4096K), 4 survivors (4096K)
 Metaspace       used 42208K, capacity 43407K, committed 43600K, reserved 1087488K
  class space    used 5562K, capacity 6047K, committed 6144K, reserved 1048576K
}
Event: 4.963 GC heap before
{Heap before GC invocations=12 (full 0):
 garbage-first heap   total 68608K, used 53411K [0x0000000703200000, 0x0000000800000000)
  region size 1024K, 33 young (33792K), 4 survivors (4096K)
 Metaspace       used 44747K, capacity 46036K, committed 46288K, reserved 1089536K
  class space    used 5903K, capacity 6408K, committed 6528K, reserved 1048576K
}
Event: 4.967 GC heap after
{Heap after GC invocations=13 (full 0):
 garbage-first heap   total 68608K, used 24855K [0x0000000703200000, 0x0000000800000000)
  region size 1024K, 4 young (4096K), 4 survivors (4096K)
 Metaspace       used 44747K, capacity 46036K, committed 46288K, reserved 1089536K
  class space    used 5903K, capacity 6408K, committed 6528K, reserved 1048576K
}
Event: 5.284 GC heap before
{Heap before GC invocations=13 (full 0):
 garbage-first heap   total 68608K, used 53527K [0x0000000703200000, 0x0000000800000000)
  region size 1024K, 32 young (32768K), 4 survivors (4096K)
 Metaspace       used 47685K, capacity 49011K, committed 49232K, reserved 1091584K
  class space    used 6345K, capacity 6822K, committed 6912K, reserved 1048576K
}
Event: 5.287 GC heap after
{Heap after GC invocations=14 (full 0):
 garbage-first heap   total 68608K, used 26301K [0x0000000703200000, 0x0000000800000000)
  region size 1024K, 3 young (3072K), 3 survivors (3072K)
 Metaspace       used 47685K, capacity 49011K, committed 49232K, reserved 1091584K
  class space    used 6345K, capacity 6822K, committed 6912K, reserved 1048576K
}
Event: 5.615 GC heap before
{Heap before GC invocations=14 (full 0):
 garbage-first heap   total 68608K, used 53949K [0x0000000703200000, 0x0000000800000000)
  region size 1024K, 30 young (30720K), 3 survivors (3072K)
 Metaspace       used 51593K, capacity 52937K, committed 53072K, reserved 1095680K
  class space    used 6821K, capacity 7315K, committed 7424K, reserved 1048576K
}
Event: 5.618 GC heap after
{Heap after GC invocations=15 (full 0):
 garbage-first heap   total 68608K, used 29076K [0x0000000703200000, 0x0000000800000000)
  region size 1024K, 4 young (4096K), 4 survivors (4096K)
 Metaspace       used 51593K, capacity 52937K, committed 53072K, reserved 1095680K
  class space    used 6821K, capacity 7315K, committed 7424K, reserved 1048576K
}

