# JRE version: Java(TM) SE Runtime Environment (14.0+36) (build 14+36-1461)
# Java VM: Java HotSpot(TM) 64-Bit Server VM (14+36-1461, mixed mode, sharing, tiered, compressed oops, g1 gc, windows-amd64)
Heap:
 garbage-first heap   total 102400K, used 75279K [0x0000000703200000, 0x0000000800000000)
  region size 1024K, 54 young (55296K), 7 survivors (7168K)
 Metaspace       used 62804K, capacity 64676K, committed 64768K, reserved 1105920K
  class space    used 8465K, capacity 9178K, committed 9216K, reserved 1048576K
GC Heap History (20 events):
Event: 4.255 GC heap before
{Heap before GC invocations=17 (full 0):
 garbage-first heap   total 48128K, used 37735K [0x0000000703200000, 0x0000000800000000)
  region size 1024K, 19 young (19456K), 2 survivors (2048K)
 Metaspace       used 35405K, capacity 36548K, committed 36608K, reserved 1081344K
  class space    used 4629K, capacity 5069K, committed 5120K, reserved 1048576K
}
Event: 4.257 GC heap after
{Heap after GC invocations=18 (full 0):
 garbage-first heap   total 48128K, used 21521K [0x0000000703200000, 0x0000000800000000)
  region size 1024K, 1 young (1024K), 1 survivors (1024K)
 Metaspace       used 35405K, capacity 36548K, committed 36608K, reserved 1081344K
  class space    used 4629K, capacity 5069K, committed 5120K, reserved 1048576K
}
Event: 4.260 GC heap before
{Heap before GC invocations=18 (full 0):
 garbage-first heap   total 48128K, used 38929K [0x0000000703200000, 0x0000000800000000)
  region size 1024K, 19 young (19456K), 1 survivors (1024K)
 Metaspace       used 35405K, capacity 36548K, committed 36608K, reserved 1081344K
  class space    used 4629K, capacity 5069K, committed 5120K, reserved 1048576K
}
Event: 4.261 GC heap after
{Heap after GC invocations=19 (full 0):
 garbage-first heap   total 48128K, used 21369K [0x0000000703200000, 0x0000000800000000)
  region size 1024K, 1 young (1024K), 1 survivors (1024K)
 Metaspace       used 35405K, capacity 36548K, committed 36608K, reserved 1081344K
  class space    used 4629K, capacity 5069K, committed 5120K, reserved 1048576K
}
Event: 4.365 GC heap before
{Heap before GC invocations=19 (full 0):
 garbage-first heap   total 48128K, used 38777K [0x0000000703200000, 0x0000000800000000)
  region size 1024K, 19 young (19456K), 1 survivors (1024K)
 Metaspace       used 36113K, capacity 37284K, committed 37504K, reserved 1081344K
  class space    used 4691K, capacity 5145K, committed 5248K, reserved 1048576K
}
Event: 4.366 GC heap after
{Heap after GC invocations=20 (full 0):
 garbage-first heap   total 48128K, used 21767K [0x0000000703200000, 0x0000000800000000)
  region size 1024K, 2 young (2048K), 2 survivors (2048K)
 Metaspace       used 36113K, capacity 37284K, committed 37504K, reserved 1081344K
  class space    used 4691K, capacity 5145K, committed 5248K, reserved 1048576K
}
Event: 4.368 GC heap before
{Heap before GC invocations=20 (full 0):
 garbage-first heap   total 48128K, used 38151K [0x0000000703200000, 0x0000000800000000)
  region size 1024K, 19 young (19456K), 2 survivors (2048K)
 Metaspace       used 36113K, capacity 37284K, committed 37504K, reserved 1081344K
  class space    used 4691K, capacity 5145K, committed 5248K, reserved 1048576K
}
Event: 4.369 GC heap after
{Heap after GC invocations=21 (full 0):
 garbage-first heap   total 48128K, used 21802K [0x0000000703200000, 0x0000000800000000)
  region size 1024K, 2 young (2048K), 2 survivors (2048K)
 Metaspace       used 36113K, capacity 37284K, committed 37504K, reserved 1081344K
  class space    used 4691K, capacity 5145K, committed 5248K, reserved 1048576K
}
Event: 4.398 GC heap before
{Heap before GC invocations=21 (full 0):
 garbage-first heap   total 48128K, used 38186K [0x0000000703200000, 0x0000000800000000)
  region size 1024K, 19 young (19456K), 2 survivors (2048K)
 Metaspace       used 36257K, capacity 37412K, committed 37760K, reserved 1081344K
  class space    used 4705K, capacity 5145K, committed 5248K, reserved 1048576K
}
Event: 4.400 GC heap after
{Heap after GC invocations=22 (full 0):
 garbage-first heap   total 48128K, used 21786K [0x0000000703200000, 0x0000000800000000)
  region size 1024K, 2 young (2048K), 2 survivors (2048K)
 Metaspace       used 36257K, capacity 37412K, committed 37760K, reserved 1081344K
  class space    used 4705K, capacity 5145K, committed 5248K, reserved 1048576K
}
Event: 4.663 GC heap before
{Heap before GC invocations=22 (full 0):
 garbage-first heap   total 48128K, used 39194K [0x0000000703200000, 0x0000000800000000)
  region size 1024K, 19 young (19456K), 2 survivors (2048K)
 Metaspace       used 37959K, capacity 39260K, committed 39296K, reserved 1083392K
  class space    used 4969K, capacity 5471K, committed 5504K, reserved 1048576K
}
Event: 4.665 GC heap after
{Heap after GC invocations=23 (full 0):
 garbage-first heap   total 48128K, used 22547K [0x0000000703200000, 0x0000000800000000)
  region size 1024K, 2 young (2048K), 2 survivors (2048K)
 Metaspace       used 37959K, capacity 39260K, committed 39296K, reserved 1083392K
  class space    used 4969K, capacity 5471K, committed 5504K, reserved 1048576K
}
Event: 4.798 GC heap before
{Heap before GC invocations=23 (full 0):
 garbage-first heap   total 48128K, used 38931K [0x0000000703200000, 0x0000000800000000)
  region size 1024K, 19 young (19456K), 2 survivors (2048K)
 Metaspace       used 39682K, capacity 41087K, committed 41344K, reserved 1085440K
  class space    used 5187K, capacity 5740K, committed 5760K, reserved 1048576K
}
Event: 4.801 GC heap after
{Heap after GC invocations=24 (full 0):
 garbage-first heap   total 154624K, used 23272K [0x0000000703200000, 0x0000000800000000)
  region size 1024K, 2 young (2048K), 2 survivors (2048K)
 Metaspace       used 39682K, capacity 41087K, committed 41344K, reserved 1085440K
  class space    used 5187K, capacity 5740K, committed 5760K, reserved 1048576K
}
Event: 5.670 GC heap before
{Heap before GC invocations=24 (full 0):
 garbage-first heap   total 154624K, used 113384K [0x0000000703200000, 0x0000000800000000)
  region size 1024K, 90 young (92160K), 2 survivors (2048K)
 Metaspace       used 47976K, capacity 49389K, committed 49536K, reserved 1091584K
  class space    used 6413K, capacity 6970K, committed 7040K, reserved 1048576K
}
Event: 5.675 GC heap after
{Heap after GC invocations=25 (full 0):
 garbage-first heap   total 154624K, used 24969K [0x0000000703200000, 0x0000000800000000)
  region size 1024K, 4 young (4096K), 4 survivors (4096K)
 Metaspace       used 47976K, capacity 49389K, committed 49536K, reserved 1091584K
  class space    used 6413K, capacity 6970K, committed 7040K, reserved 1048576K
}
Event: 6.471 GC heap before
{Heap before GC invocations=25 (full 0):
 garbage-first heap   total 154624K, used 113033K [0x0000000703200000, 0x0000000800000000)
  region size 1024K, 90 young (92160K), 4 survivors (4096K)
 Metaspace       used 55410K, capacity 56963K, committed 57088K, reserved 1097728K
  class space    used 7526K, capacity 8124K, committed 8192K, reserved 1048576K
}
Event: 6.475 GC heap after
{Heap after GC invocations=26 (full 0):
 garbage-first heap   total 154624K, used 26540K [0x0000000703200000, 0x0000000800000000)
  region size 1024K, 6 young (6144K), 6 survivors (6144K)
 Metaspace       used 55410K, capacity 56963K, committed 57088K, reserved 1097728K
  class space    used 7526K, capacity 8124K, committed 8192K, reserved 1048576K
}
Event: 6.710 GC heap before
{Heap before GC invocations=26 (full 0):
 garbage-first heap   total 154624K, used 40876K [0x0000000703200000, 0x0000000800000000)
  region size 1024K, 21 young (21504K), 6 survivors (6144K)
 Metaspace       used 58557K, capacity 60108K, committed 60160K, reserved 1101824K
  class space    used 7865K, capacity 8442K, committed 8448K, reserved 1048576K
}
Event: 6.714 GC heap after
{Heap after GC invocations=27 (full 0):
 garbage-first heap   total 154624K, used 28175K [0x0000000703200000, 0x0000000800000000)
  region size 1024K, 7 young (7168K), 7 survivors (7168K)
 Metaspace       used 58557K, capacity 60108K, committed 60160K, reserved 1101824K
  class space    used 7865K, capacity 8442K, committed 8448K, reserved 1048576K
}

