# JRE version: Java(TM) SE Runtime Environment (14.0+36) (build 14+36-1461)
# Java VM: Java HotSpot(TM) 64-Bit Server VM (14+36-1461, mixed mode, sharing, tiered, compressed oops, g1 gc, windows-amd64)
Heap:
 garbage-first heap   total 157696K, used 37753K [0x0000000703200000, 0x0000000800000000)
  region size 1024K, 24 young (24576K), 3 survivors (3072K)
 Metaspace       used 30555K, capacity 31344K, committed 31536K, reserved 1077248K
  class space    used 4044K, capacity 4380K, committed 4480K, reserved 1048576K
GC Heap History (20 events):
Event: 0.889 GC heap before
{Heap before GC invocations=1 (full 0):
 garbage-first heap   total 260096K, used 34276K [0x0000000703200000, 0x0000000800000000)
  region size 1024K, 28 young (28672K), 3 survivors (3072K)
 Metaspace       used 7316K, capacity 8583K, committed 8704K, reserved 1056768K
  class space    used 864K, capacity 1022K, committed 1024K, reserved 1048576K
}
Event: 0.892 GC heap after
{Heap after GC invocations=2 (full 0):
 garbage-first heap   total 260096K, used 10101K [0x0000000703200000, 0x0000000800000000)
  region size 1024K, 2 young (2048K), 2 survivors (2048K)
 Metaspace       used 7316K, capacity 8583K, committed 8704K, reserved 1056768K
  class space    used 864K, capacity 1022K, committed 1024K, reserved 1048576K
}
Event: 1.665 GC heap before
{Heap before GC invocations=2 (full 0):
 garbage-first heap   total 260096K, used 136053K [0x0000000703200000, 0x0000000800000000)
  region size 1024K, 126 young (129024K), 2 survivors (2048K)
 Metaspace       used 20613K, capacity 21168K, committed 21296K, reserved 1067008K
  class space    used 2674K, capacity 2913K, committed 2944K, reserved 1048576K
}
Event: 1.669 GC heap after
{Heap after GC invocations=3 (full 0):
 garbage-first heap   total 260096K, used 12848K [0x0000000703200000, 0x0000000800000000)
  region size 1024K, 5 young (5120K), 5 survivors (5120K)
 Metaspace       used 20613K, capacity 21168K, committed 21296K, reserved 1067008K
  class space    used 2674K, capacity 2913K, committed 2944K, reserved 1048576K
}
Event: 2.334 GC heap before
{Heap before GC invocations=4 (full 0):
 garbage-first heap   total 55296K, used 39472K [0x0000000703200000, 0x0000000800000000)
  region size 1024K, 32 young (32768K), 5 survivors (5120K)
 Metaspace       used 22584K, capacity 23236K, committed 23344K, reserved 1069056K
  class space    used 2903K, capacity 3133K, committed 3200K, reserved 1048576K
}
Event: 2.338 GC heap after
{Heap after GC invocations=5 (full 0):
 garbage-first heap   total 55296K, used 14058K [0x0000000703200000, 0x0000000800000000)
  region size 1024K, 2 young (2048K), 2 survivors (2048K)
 Metaspace       used 22584K, capacity 23236K, committed 23344K, reserved 1069056K
  class space    used 2903K, capacity 3133K, committed 3200K, reserved 1048576K
}
Event: 2.341 GC heap before
{Heap before GC invocations=5 (full 0):
 garbage-first heap   total 55296K, used 35562K [0x0000000703200000, 0x0000000800000000)
  region size 1024K, 24 young (24576K), 2 survivors (2048K)
 Metaspace       used 22584K, capacity 23236K, committed 23344K, reserved 1069056K
  class space    used 2903K, capacity 3133K, committed 3200K, reserved 1048576K
}
Event: 2.342 GC heap after
{Heap after GC invocations=6 (full 0):
 garbage-first heap   total 55296K, used 13949K [0x0000000703200000, 0x0000000800000000)
  region size 1024K, 2 young (2048K), 2 survivors (2048K)
 Metaspace       used 22584K, capacity 23236K, committed 23344K, reserved 1069056K
  class space    used 2903K, capacity 3133K, committed 3200K, reserved 1048576K
}
Event: 2.345 GC heap before
{Heap before GC invocations=6 (full 0):
 garbage-first heap   total 55296K, used 37501K [0x0000000703200000, 0x0000000800000000)
  region size 1024K, 26 young (26624K), 2 survivors (2048K)
 Metaspace       used 22584K, capacity 23236K, committed 23344K, reserved 1069056K
  class space    used 2903K, capacity 3133K, committed 3200K, reserved 1048576K
}
Event: 2.346 GC heap after
{Heap after GC invocations=7 (full 0):
 garbage-first heap   total 55296K, used 13936K [0x0000000703200000, 0x0000000800000000)
  region size 1024K, 2 young (2048K), 2 survivors (2048K)
 Metaspace       used 22584K, capacity 23236K, committed 23344K, reserved 1069056K
  class space    used 2903K, capacity 3133K, committed 3200K, reserved 1048576K
}
Event: 2.383 GC heap before
{Heap before GC invocations=7 (full 0):
 garbage-first heap   total 55296K, used 39536K [0x0000000703200000, 0x0000000800000000)
  region size 1024K, 28 young (28672K), 2 survivors (2048K)
 Metaspace       used 23070K, capacity 23699K, committed 23984K, reserved 1071104K
  class space    used 2950K, capacity 3202K, committed 3328K, reserved 1048576K
}
Event: 2.385 GC heap after
{Heap after GC invocations=8 (full 0):
 garbage-first heap   total 55296K, used 14358K [0x0000000703200000, 0x0000000800000000)
  region size 1024K, 2 young (2048K), 2 survivors (2048K)
 Metaspace       used 23070K, capacity 23699K, committed 23984K, reserved 1071104K
  class space    used 2950K, capacity 3202K, committed 3328K, reserved 1048576K
}
Event: 2.619 GC heap before
{Heap before GC invocations=8 (full 0):
 garbage-first heap   total 55296K, used 42006K [0x0000000703200000, 0x0000000800000000)
  region size 1024K, 29 young (29696K), 2 survivors (2048K)
 Metaspace       used 24037K, capacity 24672K, committed 24752K, reserved 1071104K
  class space    used 3038K, capacity 3282K, committed 3328K, reserved 1048576K
}
Event: 2.622 GC heap after
{Heap after GC invocations=9 (full 0):
 garbage-first heap   total 55296K, used 15374K [0x0000000703200000, 0x0000000800000000)
  region size 1024K, 3 young (3072K), 3 survivors (3072K)
 Metaspace       used 24037K, capacity 24672K, committed 24752K, reserved 1071104K
  class space    used 3038K, capacity 3282K, committed 3328K, reserved 1048576K
}
Event: 2.802 GC heap before
{Heap before GC invocations=9 (full 0):
 garbage-first heap   total 55296K, used 43022K [0x0000000703200000, 0x0000000800000000)
  region size 1024K, 30 young (30720K), 3 survivors (3072K)
 Metaspace       used 24636K, capacity 25311K, committed 25648K, reserved 1071104K
  class space    used 3109K, capacity 3360K, committed 3456K, reserved 1048576K
}
Event: 2.805 GC heap after
{Heap after GC invocations=10 (full 0):
 garbage-first heap   total 55296K, used 15519K [0x0000000703200000, 0x0000000800000000)
  region size 1024K, 3 young (3072K), 3 survivors (3072K)
 Metaspace       used 24636K, capacity 25311K, committed 25648K, reserved 1071104K
  class space    used 3109K, capacity 3360K, committed 3456K, reserved 1048576K
}
Event: 3.085 GC heap before
{Heap before GC invocations=10 (full 0):
 garbage-first heap   total 55296K, used 42143K [0x0000000703200000, 0x0000000800000000)
  region size 1024K, 29 young (29696K), 3 survivors (3072K)
 Metaspace       used 26577K, capacity 27347K, committed 27440K, reserved 1073152K
  class space    used 3395K, capacity 3688K, committed 3712K, reserved 1048576K
}
Event: 3.089 GC heap after
{Heap after GC invocations=11 (full 0):
 garbage-first heap   total 55296K, used 16520K [0x0000000703200000, 0x0000000800000000)
  region size 1024K, 4 young (4096K), 4 survivors (4096K)
 Metaspace       used 26577K, capacity 27347K, committed 27440K, reserved 1073152K
  class space    used 3395K, capacity 3688K, committed 3712K, reserved 1048576K
}
Event: 3.349 GC heap before
{Heap before GC invocations=11 (full 0):
 garbage-first heap   total 55296K, used 43144K [0x0000000703200000, 0x0000000800000000)
  region size 1024K, 30 young (30720K), 4 survivors (4096K)
 Metaspace       used 28627K, capacity 29435K, committed 29744K, reserved 1075200K
  class space    used 3785K, capacity 4111K, committed 4224K, reserved 1048576K
}
Event: 3.355 GC heap after
{Heap after GC invocations=12 (full 0):
 garbage-first heap   total 157696K, used 17273K [0x0000000703200000, 0x0000000800000000)
  region size 1024K, 3 young (3072K), 3 survivors (3072K)
 Metaspace       used 28627K, capacity 29435K, committed 29744K, reserved 1075200K
  class space    used 3785K, capacity 4111K, committed 4224K, reserved 1048576K
}

